0 verbose cli /opt/homebrew/Cellar/node/21.5.0/bin/node /opt/homebrew/bin/npm
1 info using npm@10.2.4
2 info using node@v21.5.0
3 timing npm:load:whichnode Completed in 7ms
4 timing config:load:defaults Completed in 6ms
5 timing config:load:file:/opt/homebrew/lib/node_modules/npm/npmrc Completed in 10ms
6 timing config:load:builtin Completed in 10ms
7 timing config:load:cli Completed in 4ms
8 timing config:load:env Completed in 0ms
9 timing config:load:project Completed in 0ms
10 timing config:load:file:/Users/shrinivasdhole/.npmrc Completed in 1ms
11 timing config:load:user Completed in 1ms
12 timing config:load:file:/Users/shrinivasdhole/Documents/Harkirat Cohort2/Week8/recap and build paytm/paytm/backend/C:UsersmynameAppDataRoamingnpm/etc/npmrc Completed in 0ms
13 timing config:load:global Completed in 1ms
14 timing config:load:setEnvs Completed in 1ms
15 timing config:load Completed in 28ms
16 timing npm:load:configload Completed in 29ms
17 timing config:load:flatten Completed in 4ms
18 timing npm:load:mkdirpcache Completed in 0ms
19 timing npm:load:mkdirplogs Completed in 1ms
20 verbose title npm bin
21 verbose argv "bin" "--global"
22 timing npm:load:setTitle Completed in 15ms
23 timing npm:load:display Completed in 1ms
24 verbose logfile logs-max:10 dir:/Users/shrinivasdhole/Documents/Harkirat Cohort2/Week8/recap and build paytm/paytm/backend/C:UsersmynameAppDataRoamingnpm-cache/_logs/2024-03-05T14_37_14_672Z-
25 verbose logfile /Users/shrinivasdhole/Documents/Harkirat Cohort2/Week8/recap and build paytm/paytm/backend/C:UsersmynameAppDataRoamingnpm-cache/_logs/2024-03-05T14_37_14_672Z-debug-0.log
26 timing npm:load:logFile Completed in 29ms
27 timing npm:load:timers Completed in 0ms
28 timing npm:load:configScope Completed in 0ms
29 timing npm:load Completed in 170ms
30 silly logfile done cleaning log files
31 verbose exit 1
32 timing npm Completed in 296ms
33 verbose code 1
