0 verbose cli /opt/homebrew/Cellar/node/21.5.0/bin/node /opt/homebrew/bin/npm
1 info using npm@10.2.4
2 info using node@v21.5.0
3 timing npm:load:whichnode Completed in 93ms
4 timing config:load:defaults Completed in 33ms
5 timing config:load:file:/opt/homebrew/lib/node_modules/npm/npmrc Completed in 7ms
6 timing config:load:builtin Completed in 8ms
7 timing config:load:cli Completed in 5ms
8 timing config:load:env Completed in 0ms
9 timing config:load:file:/Users/shrinivasdhole/Documents/Harkirat Cohort2/Week8/recap and build paytm/paytm/backend/.npmrc Completed in 2ms
10 timing config:load:project Completed in 97ms
11 timing config:load:file:/Users/shrinivasdhole/.npmrc Completed in 42ms
12 timing config:load:user Completed in 100ms
13 timing config:load:file:/Users/shrinivasdhole/Documents/Harkirat Cohort2/Week8/recap and build paytm/paytm/backend/C:UsersmynameAppDataRoamingnpm/etc/npmrc Completed in 16ms
14 timing config:load:global Completed in 17ms
15 timing config:load:setEnvs Completed in 14ms
16 timing config:load Completed in 281ms
17 timing npm:load:configload Completed in 291ms
18 timing config:load:flatten Completed in 4ms
19 timing npm:load:mkdirpcache Completed in 0ms
20 timing npm:load:mkdirplogs Completed in 1ms
21 verbose title npm
22 verbose argv "--version"
23 timing npm:load:setTitle Completed in 15ms
24 timing npm:load:display Completed in 4ms
25 verbose logfile logs-max:10 dir:/Users/shrinivasdhole/Documents/Harkirat Cohort2/Week8/recap and build paytm/paytm/backend/C:UsersmynameAppDataRoamingnpm-cache/_logs/2024-03-05T14_37_13_185Z-
26 verbose logfile /Users/shrinivasdhole/Documents/Harkirat Cohort2/Week8/recap and build paytm/paytm/backend/C:UsersmynameAppDataRoamingnpm-cache/_logs/2024-03-05T14_37_13_185Z-debug-0.log
27 timing npm:load:logFile Completed in 72ms
28 timing npm:load:timers Completed in 1ms
29 timing npm:load:configScope Completed in 0ms
30 timing npm:load Completed in 589ms
31 verbose exit 0
32 timing npm Completed in 608ms
33 info ok
